2024-02-21 10:43:54 [main] INFO  b.c.l.dev.precad.PrecadApplication - Starting PrecadApplication using Java 17.0.7 with PID 25384 (C:\Users\emerson.silva\pre-cad-luger\target\classes started by emerson.silva in C:\Users\emerson.silva\pre-cad-luger)
2024-02-21 10:43:54 [main] DEBUG b.c.l.dev.precad.PrecadApplication - Running with Spring Boot v3.1.4, Spring v6.0.12
2024-02-21 10:43:54 [main] INFO  b.c.l.dev.precad.PrecadApplication - No active profile set, falling back to 1 default profile: "default"
2024-02-21 10:43:55 [main] INFO  o.s.d.r.c.RepositoryConfigurationDelegate - Bootstrapping Spring Data JPA repositories in DEFAULT mode.
2024-02-21 10:43:55 [main] INFO  o.s.d.r.c.RepositoryConfigurationDelegate - Finished Spring Data repository scanning in 70 ms. Found 7 JPA repository interfaces.
2024-02-21 10:43:55 [main] INFO  o.s.b.w.e.tomcat.TomcatWebServer - Tomcat initialized with port(s): 8080 (http)
2024-02-21 10:43:55 [main] INFO  o.a.catalina.core.StandardService - Starting service [Tomcat]
2024-02-21 10:43:55 [main] INFO  o.a.catalina.core.StandardEngine - Starting Servlet engine: [Apache Tomcat/10.1.13]
2024-02-21 10:43:55 [main] INFO  o.a.c.c.C.[Tomcat].[localhost].[/] - Initializing Spring embedded WebApplicationContext
2024-02-21 10:43:55 [main] INFO  o.s.b.w.s.c.ServletWebServerApplicationContext - Root WebApplicationContext: initialization completed in 1525 ms
2024-02-21 10:43:56 [main] INFO  o.h.jpa.internal.util.LogHelper - HHH000204: Processing PersistenceUnitInfo [name: default]
2024-02-21 10:43:56 [main] INFO  org.hibernate.Version - HHH000412: Hibernate ORM core version 6.2.9.Final
2024-02-21 10:43:56 [main] INFO  org.hibernate.cfg.Environment - HHH000406: Using bytecode reflection optimizer
2024-02-21 10:43:56 [main] INFO  o.h.b.i.BytecodeProviderInitiator - HHH000021: Bytecode provider name : bytebuddy
2024-02-21 10:43:56 [main] INFO  o.s.o.j.p.SpringPersistenceUnitInfo - No LoadTimeWeaver setup: ignoring JPA class transformer
2024-02-21 10:43:56 [main] INFO  com.zaxxer.hikari.HikariDataSource - HikariPool-1 - Starting...
2024-02-21 10:43:56 [main] INFO  com.zaxxer.hikari.pool.HikariPool - HikariPool-1 - Added connection org.postgresql.jdbc.PgConnection@4492b393
2024-02-21 10:43:56 [main] INFO  com.zaxxer.hikari.HikariDataSource - HikariPool-1 - Start completed.
2024-02-21 10:43:57 [main] INFO  o.h.b.i.BytecodeProviderInitiator - HHH000021: Bytecode provider name : bytebuddy
2024-02-21 10:43:57 [main] INFO  o.h.e.t.j.p.i.JtaPlatformInitiator - HHH000490: Using JtaPlatform implementation: [org.hibernate.engine.transaction.jta.platform.internal.NoJtaPlatform]
2024-02-21 10:43:57 [main] INFO  o.s.o.j.LocalContainerEntityManagerFactoryBean - Initialized JPA EntityManagerFactory for persistence unit 'default'
2024-02-21 10:43:58 [main] DEBUG b.c.l.d.precad.config.SecurityFilter - Filter 'securityFilter' configured for use
2024-02-21 10:43:58 [main] WARN  o.s.b.a.o.j.JpaBaseConfiguration$JpaWebConfiguration - spring.jpa.open-in-view is enabled by default. Therefore, database queries may be performed during view rendering. Explicitly configure spring.jpa.open-in-view to disable this warning
2024-02-21 10:43:58 [main] INFO  o.s.s.web.DefaultSecurityFilterChain - Will secure Or [Mvc [pattern='/**']] with [org.springframework.security.web.session.DisableEncodeUrlFilter@46d83ec4, org.springframework.security.web.context.request.async.WebAsyncManagerIntegrationFilter@2ccb8db3, org.springframework.security.web.context.SecurityContextHolderFilter@1488d1c, org.springframework.security.web.header.HeaderWriterFilter@c0b10ae, org.springframework.security.web.authentication.logout.LogoutFilter@5ad13be4, br.com.luger.dev.precad.config.SecurityFilter@2e564c78, org.springframework.security.web.savedrequest.RequestCacheAwareFilter@578ac0be, org.springframework.security.web.servletapi.SecurityContextHolderAwareRequestFilter@3420547, org.springframework.security.web.authentication.AnonymousAuthenticationFilter@3941bdd7, org.springframework.security.web.session.SessionManagementFilter@7c0ecdbf, org.springframework.security.web.access.ExceptionTranslationFilter@54a7d1b9, org.springframework.security.web.access.intercept.AuthorizationFilter@798d8247]
2024-02-21 10:43:59 [main] INFO  o.s.b.w.e.tomcat.TomcatWebServer - Tomcat started on port(s): 8080 (http) with context path ''
2024-02-21 10:43:59 [main] INFO  b.c.l.dev.precad.PrecadApplication - Started PrecadApplication in 5.171 seconds (process running for 5.985)
2024-02-21 11:03:00 [SpringApplicationShutdownHook] INFO  o.s.o.j.LocalContainerEntityManagerFactoryBean - Closing JPA EntityManagerFactory for persistence unit 'default'
2024-02-21 11:03:00 [SpringApplicationShutdownHook] INFO  com.zaxxer.hikari.HikariDataSource - HikariPool-1 - Shutdown initiated...
2024-02-21 11:03:00 [SpringApplicationShutdownHook] INFO  com.zaxxer.hikari.HikariDataSource - HikariPool-1 - Shutdown completed.
